<?xml version="1.0" encoding="UTF-8"?>
<!-- Generated by org.testng.reporters.JUnitReportReporter -->
<testsuite skipped="0" hostname="Nithesh-Gowda" name="com.Reqres.Test.UpdateUser" tests="1" failures="0" timestamp="23 Aug 2020 13:08:36 GMT" time="1.470" errors="0">
  <testcase name="updateTest" time="1.470" classname="com.Reqres.Test.UpdateUser"/>
</testsuite> <!-- com.Reqres.Test.UpdateUser -->
