<?xml version="1.0" encoding="UTF-8"?>
<!-- Generated by org.testng.reporters.JUnitReportReporter -->
<testsuite skipped="0" hostname="Nithesh-Gowda" name="com.github.Test.CoopAuthentication" tests="1" failures="0" timestamp="22 Aug 2020 13:37:01 GMT" time="9.550" errors="0">
  <testcase name="getToken" time="9.550" classname="com.github.Test.CoopAuthentication"/>
</testsuite> <!-- com.github.Test.CoopAuthentication -->
