<?xml version="1.0" encoding="UTF-8"?>
<!-- Generated by org.testng.reporters.JUnitReportReporter -->
<testsuite skipped="0" hostname="Nithesh-Gowda" name="com.Reqres.Test.GetListOfUserTest" tests="1" failures="0" timestamp="23 Aug 2020 13:08:36 GMT" time="3.419" errors="0">
  <testcase name="getlistOfUserTest" time="3.419" classname="com.Reqres.Test.GetListOfUserTest"/>
</testsuite> <!-- com.Reqres.Test.GetListOfUserTest -->
