<?xml version="1.0" encoding="UTF-8"?>
<!-- Generated by org.testng.reporters.JUnitReportReporter -->
<testsuite skipped="0" hostname="Nithesh-Gowda" name="com.github.Test.DeleteRepository" tests="1" failures="0" timestamp="22 Aug 2020 11:28:16 GMT" time="8.708" errors="0">
  <testcase name="deleteRepository" time="8.708" classname="com.github.Test.DeleteRepository"/>
</testsuite> <!-- com.github.Test.DeleteRepository -->
