<?xml version="1.0" encoding="UTF-8"?>
<!-- Generated by org.testng.reporters.JUnitReportReporter -->
<testsuite skipped="0" hostname="Nithesh-Gowda" name="com.Reqres.Test.LoginApiTest" tests="1" failures="0" timestamp="23 Aug 2020 13:08:36 GMT" time="1.445" errors="0">
  <testcase name="logiApiTest" time="1.445" classname="com.Reqres.Test.LoginApiTest"/>
</testsuite> <!-- com.Reqres.Test.LoginApiTest -->
