<?xml version="1.0" encoding="UTF-8"?>
<!-- Generated by org.testng.reporters.JUnitReportReporter -->
<testsuite skipped="0" hostname="Nithesh-Gowda" name="com.Reqres.Test.CreateTest" tests="1" failures="0" timestamp="23 Aug 2020 13:08:36 GMT" time="2.321" errors="0">
  <testcase name="createTest" time="2.321" classname="com.Reqres.Test.CreateTest"/>
</testsuite> <!-- com.Reqres.Test.CreateTest -->
