<?xml version="1.0" encoding="UTF-8"?>
<!-- Generated by org.testng.reporters.JUnitReportReporter -->
<testsuite skipped="0" hostname="Nithesh-Gowda" name="com.Reqres.Test.ListOfUser" tests="1" failures="0" timestamp="31 Aug 2020 04:32:40 GMT" time="11.480" errors="0">
  <testcase name="getAllUser" time="11.480" classname="com.Reqres.Test.ListOfUser"/>
</testsuite> <!-- com.Reqres.Test.ListOfUser -->
