<?xml version="1.0" encoding="UTF-8"?>
<!-- Generated by org.testng.reporters.JUnitReportReporter -->
<testsuite skipped="0" hostname="Nithesh-Gowda" name="com.github.Test.GetAllRepo" tests="1" failures="0" timestamp="22 Aug 2020 10:58:01 GMT" time="8.661" errors="0">
  <testcase name="repoList" time="8.661" classname="com.github.Test.GetAllRepo"/>
</testsuite> <!-- com.github.Test.GetAllRepo -->
