<?xml version="1.0" encoding="UTF-8"?>
<!-- Generated by org.testng.reporters.JUnitReportReporter -->
<testsuite skipped="0" hostname="Nithesh-Gowda" name="com.Reqres.Test.DeleteUserTest" tests="1" failures="0" timestamp="23 Aug 2020 13:08:36 GMT" time="1.229" errors="0">
  <testcase name="deleteUserTest" time="1.229" classname="com.Reqres.Test.DeleteUserTest"/>
</testsuite> <!-- com.Reqres.Test.DeleteUserTest -->
