<?xml version="1.0" encoding="UTF-8"?>
<!-- Generated by org.testng.reporters.JUnitReportReporter -->
<testsuite skipped="0" hostname="Nithesh-Gowda" name="com.Reqres.Test.UnsuccessfulLoginTest" tests="1" failures="0" timestamp="23 Aug 2020 13:08:36 GMT" time="11.646" errors="0">
  <testcase name="unsucessfulLogin" time="11.646" classname="com.Reqres.Test.UnsuccessfulLoginTest"/>
</testsuite> <!-- com.Reqres.Test.UnsuccessfulLoginTest -->
