<?xml version="1.0" encoding="UTF-8"?>
<!-- Generated by org.testng.reporters.JUnitReportReporter -->
<testsuite skipped="0" hostname="Nithesh-Gowda" name="com.github.Test.CreateRepository" tests="1" failures="0" timestamp="22 Aug 2020 10:49:11 GMT" time="9.276" errors="0">
  <testcase name="createRepo" time="9.276" classname="com.github.Test.CreateRepository"/>
</testsuite> <!-- com.github.Test.CreateRepository -->
